Analysis & Synthesis report for ergasia2
Wed May 09 23:57:41 2018
Quartus II 64-Bit Version 13.0.1 Build 232 06/12/2013 Service Pack 1 SJ Web Edition


---------------------
; Table of Contents ;
---------------------
  1. Legal Notice
  2. Analysis & Synthesis Summary
  3. Analysis & Synthesis Settings
  4. Parallel Compilation
  5. Analysis & Synthesis Source Files Read
  6. Analysis & Synthesis Resource Usage Summary
  7. Analysis & Synthesis Resource Utilization by Entity
  8. General Register Statistics
  9. Multiplexer Restructuring Statistics (Restructuring Performed)
 10. Elapsed Time Per Partition
 11. Analysis & Synthesis Messages



----------------
; Legal Notice ;
----------------
Copyright (C) 1991-2013 Altera Corporation
Your use of Altera Corporation's design tools, logic functions 
and other software and tools, and its AMPP partner logic 
functions, and any output files from any of the foregoing 
(including device programming or simulation files), and any 
associated documentation or information are expressly subject 
to the terms and conditions of the Altera Program License 
Subscription Agreement, Altera MegaCore Function License 
Agreement, or other applicable license agreement, including, 
without limitation, that your use is for the sole purpose of 
programming logic devices manufactured by Altera and sold by 
Altera or its authorized distributors.  Please refer to the 
applicable agreement for further details.



+--------------------------------------------------------------------------------------+
; Analysis & Synthesis Summary                                                         ;
+------------------------------------+-------------------------------------------------+
; Analysis & Synthesis Status        ; Successful - Wed May 09 23:57:41 2018           ;
; Quartus II 64-Bit Version          ; 13.0.1 Build 232 06/12/2013 SP 1 SJ Web Edition ;
; Revision Name                      ; ergasia2                                        ;
; Top-level Entity Name              ; ergasia2                                        ;
; Family                             ; Cyclone II                                      ;
; Total logic elements               ; 83                                              ;
;     Total combinational functions  ; 83                                              ;
;     Dedicated logic registers      ; 0                                               ;
; Total registers                    ; 0                                               ;
; Total pins                         ; 52                                              ;
; Total virtual pins                 ; 0                                               ;
; Total memory bits                  ; 0                                               ;
; Embedded Multiplier 9-bit elements ; 0                                               ;
; Total PLLs                         ; 0                                               ;
+------------------------------------+-------------------------------------------------+


+----------------------------------------------------------------------------------------------------------------------+
; Analysis & Synthesis Settings                                                                                        ;
+----------------------------------------------------------------------------+--------------------+--------------------+
; Option                                                                     ; Setting            ; Default Value      ;
+----------------------------------------------------------------------------+--------------------+--------------------+
; Device                                                                     ; EP2C5F256C6        ;                    ;
; Top-level entity name                                                      ; ergasia2           ; ergasia2           ;
; Family name                                                                ; Cyclone II         ; Cyclone IV GX      ;
; Use smart compilation                                                      ; Off                ; Off                ;
; Enable parallel Assembler and TimeQuest Timing Analyzer during compilation ; On                 ; On                 ;
; Enable compact report table                                                ; Off                ; Off                ;
; Restructure Multiplexers                                                   ; Auto               ; Auto               ;
; Create Debugging Nodes for IP Cores                                        ; Off                ; Off                ;
; Preserve fewer node names                                                  ; On                 ; On                 ;
; Disable OpenCore Plus hardware evaluation                                  ; Off                ; Off                ;
; Verilog Version                                                            ; Verilog_2001       ; Verilog_2001       ;
; VHDL Version                                                               ; VHDL_1993          ; VHDL_1993          ;
; State Machine Processing                                                   ; Auto               ; Auto               ;
; Safe State Machine                                                         ; Off                ; Off                ;
; Extract Verilog State Machines                                             ; On                 ; On                 ;
; Extract VHDL State Machines                                                ; On                 ; On                 ;
; Ignore Verilog initial constructs                                          ; Off                ; Off                ;
; Iteration limit for constant Verilog loops                                 ; 5000               ; 5000               ;
; Iteration limit for non-constant Verilog loops                             ; 250                ; 250                ;
; Add Pass-Through Logic to Inferred RAMs                                    ; On                 ; On                 ;
; Infer RAMs from Raw Logic                                                  ; On                 ; On                 ;
; Parallel Synthesis                                                         ; On                 ; On                 ;
; DSP Block Balancing                                                        ; Auto               ; Auto               ;
; NOT Gate Push-Back                                                         ; On                 ; On                 ;
; Power-Up Don't Care                                                        ; On                 ; On                 ;
; Remove Redundant Logic Cells                                               ; Off                ; Off                ;
; Remove Duplicate Registers                                                 ; On                 ; On                 ;
; Ignore CARRY Buffers                                                       ; Off                ; Off                ;
; Ignore CASCADE Buffers                                                     ; Off                ; Off                ;
; Ignore GLOBAL Buffers                                                      ; Off                ; Off                ;
; Ignore ROW GLOBAL Buffers                                                  ; Off                ; Off                ;
; Ignore LCELL Buffers                                                       ; Off                ; Off                ;
; Ignore SOFT Buffers                                                        ; On                 ; On                 ;
; Limit AHDL Integers to 32 Bits                                             ; Off                ; Off                ;
; Optimization Technique                                                     ; Balanced           ; Balanced           ;
; Carry Chain Length                                                         ; 70                 ; 70                 ;
; Auto Carry Chains                                                          ; On                 ; On                 ;
; Auto Open-Drain Pins                                                       ; On                 ; On                 ;
; Perform WYSIWYG Primitive Resynthesis                                      ; Off                ; Off                ;
; Auto ROM Replacement                                                       ; On                 ; On                 ;
; Auto RAM Replacement                                                       ; On                 ; On                 ;
; Auto Shift Register Replacement                                            ; Auto               ; Auto               ;
; Allow Shift Register Merging across Hierarchies                            ; Auto               ; Auto               ;
; Auto Clock Enable Replacement                                              ; On                 ; On                 ;
; Strict RAM Replacement                                                     ; Off                ; Off                ;
; Allow Synchronous Control Signals                                          ; On                 ; On                 ;
; Force Use of Synchronous Clear Signals                                     ; Off                ; Off                ;
; Auto RAM to Logic Cell Conversion                                          ; Off                ; Off                ;
; Auto Resource Sharing                                                      ; Off                ; Off                ;
; Allow Any RAM Size For Recognition                                         ; Off                ; Off                ;
; Allow Any ROM Size For Recognition                                         ; Off                ; Off                ;
; Allow Any Shift Register Size For Recognition                              ; Off                ; Off                ;
; Use LogicLock Constraints during Resource Balancing                        ; On                 ; On                 ;
; Ignore translate_off and synthesis_off directives                          ; Off                ; Off                ;
; Timing-Driven Synthesis                                                    ; Off                ; Off                ;
; Report Parameter Settings                                                  ; On                 ; On                 ;
; Report Source Assignments                                                  ; On                 ; On                 ;
; Report Connectivity Checks                                                 ; On                 ; On                 ;
; Ignore Maximum Fan-Out Assignments                                         ; Off                ; Off                ;
; Synchronization Register Chain Length                                      ; 2                  ; 2                  ;
; PowerPlay Power Optimization                                               ; Normal compilation ; Normal compilation ;
; HDL message level                                                          ; Level2             ; Level2             ;
; Suppress Register Optimization Related Messages                            ; Off                ; Off                ;
; Number of Removed Registers Reported in Synthesis Report                   ; 5000               ; 5000               ;
; Number of Swept Nodes Reported in Synthesis Report                         ; 5000               ; 5000               ;
; Number of Inverted Registers Reported in Synthesis Report                  ; 100                ; 100                ;
; Clock MUX Protection                                                       ; On                 ; On                 ;
; Auto Gated Clock Conversion                                                ; Off                ; Off                ;
; Block Design Naming                                                        ; Auto               ; Auto               ;
; SDC constraint protection                                                  ; Off                ; Off                ;
; Synthesis Effort                                                           ; Auto               ; Auto               ;
; Shift Register Replacement - Allow Asynchronous Clear Signal               ; On                 ; On                 ;
; Pre-Mapping Resynthesis Optimization                                       ; Off                ; Off                ;
; Analysis & Synthesis Message Level                                         ; Medium             ; Medium             ;
; Disable Register Merging Across Hierarchies                                ; Auto               ; Auto               ;
; Resource Aware Inference For Block RAM                                     ; On                 ; On                 ;
; Synthesis Seed                                                             ; 1                  ; 1                  ;
+----------------------------------------------------------------------------+--------------------+--------------------+


Parallel compilation was disabled, but you have multiple processors available. Enable parallel compilation to reduce compilation time.
+-------------------------------------+
; Parallel Compilation                ;
+----------------------------+--------+
; Processors                 ; Number ;
+----------------------------+--------+
; Number detected on machine ; 4      ;
; Maximum allowed            ; 1      ;
+----------------------------+--------+


+-------------------------------------------------------------------------------------------------------------------------------------------+
; Analysis & Synthesis Source Files Read                                                                                                    ;
+----------------------------------+-----------------+-----------------------+----------------------------------------------------+---------+
; File Name with User-Entered Path ; Used in Netlist ; File Type             ; File Name with Absolute Path                       ; Library ;
+----------------------------------+-----------------+-----------------------+----------------------------------------------------+---------+
; ControlCircuit.vhd               ; yes             ; User VHDL File        ; C:/altera/13.0sp1/vhdl/erg2_er2/ControlCircuit.vhd ;         ;
; ergasia2.vhd                     ; yes             ; Auto-Found VHDL File  ; C:/altera/13.0sp1/vhdl/erg2_er2/ergasia2.vhd       ;         ;
; alu.vhd                          ; yes             ; Auto-Found VHDL File  ; C:/altera/13.0sp1/vhdl/erg2_er2/alu.vhd            ;         ;
; not1.vhd                         ; yes             ; Auto-Found VHDL File  ; C:/altera/13.0sp1/vhdl/erg2_er2/not1.vhd           ;         ;
; mux2to1.vhd                      ; yes             ; Auto-Found VHDL File  ; C:/altera/13.0sp1/vhdl/erg2_er2/mux2to1.vhd        ;         ;
; fa.vhd                           ; yes             ; Auto-Found VHDL File  ; C:/altera/13.0sp1/vhdl/erg2_er2/fa.vhd             ;         ;
; aandb.vhd                        ; yes             ; Auto-Found VHDL File  ; C:/altera/13.0sp1/vhdl/erg2_er2/aandb.vhd          ;         ;
; aorb.vhd                         ; yes             ; Auto-Found VHDL File  ; C:/altera/13.0sp1/vhdl/erg2_er2/aorb.vhd           ;         ;
; axorb.vhd                        ; yes             ; Auto-Found VHDL File  ; C:/altera/13.0sp1/vhdl/erg2_er2/axorb.vhd          ;         ;
; mux4to1.vhd                      ; yes             ; Auto-Found VHDL File  ; C:/altera/13.0sp1/vhdl/erg2_er2/mux4to1.vhd        ;         ;
+----------------------------------+-----------------+-----------------------+----------------------------------------------------+---------+


+---------------------------------------------------------+
; Analysis & Synthesis Resource Usage Summary             ;
+---------------------------------------------+-----------+
; Resource                                    ; Usage     ;
+---------------------------------------------+-----------+
; Estimated Total logic elements              ; 83        ;
;                                             ;           ;
; Total combinational functions               ; 83        ;
; Logic element usage by number of LUT inputs ;           ;
;     -- 4 input functions                    ; 64        ;
;     -- 3 input functions                    ; 19        ;
;     -- <=2 input functions                  ; 0         ;
;                                             ;           ;
; Logic elements by mode                      ;           ;
;     -- normal mode                          ; 83        ;
;     -- arithmetic mode                      ; 0         ;
;                                             ;           ;
; Total registers                             ; 0         ;
;     -- Dedicated logic registers            ; 0         ;
;     -- I/O registers                        ; 0         ;
;                                             ;           ;
; I/O pins                                    ; 52        ;
; Embedded Multiplier 9-bit elements          ; 0         ;
; Maximum fan-out node                        ; OpCode[2] ;
; Maximum fan-out                             ; 37        ;
; Total fan-out                               ; 330       ;
; Average fan-out                             ; 2.44      ;
+---------------------------------------------+-----------+


+----------------------------------------------------------------------------------------------------------------------------------------------------------------------------------------------+
; Analysis & Synthesis Resource Utilization by Entity                                                                                                                                          ;
+----------------------------+-------------------+--------------+-------------+--------------+---------+-----------+------+--------------+--------------------------------------+--------------+
; Compilation Hierarchy Node ; LC Combinationals ; LC Registers ; Memory Bits ; DSP Elements ; DSP 9x9 ; DSP 18x18 ; Pins ; Virtual Pins ; Full Hierarchy Name                  ; Library Name ;
+----------------------------+-------------------+--------------+-------------+--------------+---------+-----------+------+--------------+--------------------------------------+--------------+
; |ergasia2                  ; 83 (0)            ; 0 (0)        ; 0           ; 0            ; 0       ; 0         ; 52   ; 0            ; |ergasia2                            ; work         ;
;    |Alu:stage10|           ; 5 (0)             ; 0 (0)        ; 0           ; 0            ; 0       ; 0         ; 0    ; 0            ; |ergasia2|Alu:stage10                ; work         ;
;       |AXORB:stage7|       ; 1 (1)             ; 0 (0)        ; 0           ; 0            ; 0       ; 0         ; 0    ; 0            ; |ergasia2|Alu:stage10|AXORB:stage7   ; work         ;
;       |Fa:stage4|          ; 1 (1)             ; 0 (0)        ; 0           ; 0            ; 0       ; 0         ; 0    ; 0            ; |ergasia2|Alu:stage10|Fa:stage4      ; work         ;
;       |mux2to1:stage3|     ; 1 (1)             ; 0 (0)        ; 0           ; 0            ; 0       ; 0         ; 0    ; 0            ; |ergasia2|Alu:stage10|mux2to1:stage3 ; work         ;
;       |mux4to1:stage8|     ; 2 (2)             ; 0 (0)        ; 0           ; 0            ; 0       ; 0         ; 0    ; 0            ; |ergasia2|Alu:stage10|mux4to1:stage8 ; work         ;
;    |Alu:stage11|           ; 5 (0)             ; 0 (0)        ; 0           ; 0            ; 0       ; 0         ; 0    ; 0            ; |ergasia2|Alu:stage11                ; work         ;
;       |AXORB:stage7|       ; 1 (1)             ; 0 (0)        ; 0           ; 0            ; 0       ; 0         ; 0    ; 0            ; |ergasia2|Alu:stage11|AXORB:stage7   ; work         ;
;       |Fa:stage4|          ; 1 (1)             ; 0 (0)        ; 0           ; 0            ; 0       ; 0         ; 0    ; 0            ; |ergasia2|Alu:stage11|Fa:stage4      ; work         ;
;       |mux2to1:stage3|     ; 1 (1)             ; 0 (0)        ; 0           ; 0            ; 0       ; 0         ; 0    ; 0            ; |ergasia2|Alu:stage11|mux2to1:stage3 ; work         ;
;       |mux4to1:stage8|     ; 2 (2)             ; 0 (0)        ; 0           ; 0            ; 0       ; 0         ; 0    ; 0            ; |ergasia2|Alu:stage11|mux4to1:stage8 ; work         ;
;    |Alu:stage12|           ; 5 (0)             ; 0 (0)        ; 0           ; 0            ; 0       ; 0         ; 0    ; 0            ; |ergasia2|Alu:stage12                ; work         ;
;       |AXORB:stage7|       ; 1 (1)             ; 0 (0)        ; 0           ; 0            ; 0       ; 0         ; 0    ; 0            ; |ergasia2|Alu:stage12|AXORB:stage7   ; work         ;
;       |Fa:stage4|          ; 1 (1)             ; 0 (0)        ; 0           ; 0            ; 0       ; 0         ; 0    ; 0            ; |ergasia2|Alu:stage12|Fa:stage4      ; work         ;
;       |mux2to1:stage3|     ; 1 (1)             ; 0 (0)        ; 0           ; 0            ; 0       ; 0         ; 0    ; 0            ; |ergasia2|Alu:stage12|mux2to1:stage3 ; work         ;
;       |mux4to1:stage8|     ; 2 (2)             ; 0 (0)        ; 0           ; 0            ; 0       ; 0         ; 0    ; 0            ; |ergasia2|Alu:stage12|mux4to1:stage8 ; work         ;
;    |Alu:stage13|           ; 5 (0)             ; 0 (0)        ; 0           ; 0            ; 0       ; 0         ; 0    ; 0            ; |ergasia2|Alu:stage13                ; work         ;
;       |AXORB:stage7|       ; 1 (1)             ; 0 (0)        ; 0           ; 0            ; 0       ; 0         ; 0    ; 0            ; |ergasia2|Alu:stage13|AXORB:stage7   ; work         ;
;       |Fa:stage4|          ; 1 (1)             ; 0 (0)        ; 0           ; 0            ; 0       ; 0         ; 0    ; 0            ; |ergasia2|Alu:stage13|Fa:stage4      ; work         ;
;       |mux2to1:stage3|     ; 1 (1)             ; 0 (0)        ; 0           ; 0            ; 0       ; 0         ; 0    ; 0            ; |ergasia2|Alu:stage13|mux2to1:stage3 ; work         ;
;       |mux4to1:stage8|     ; 2 (2)             ; 0 (0)        ; 0           ; 0            ; 0       ; 0         ; 0    ; 0            ; |ergasia2|Alu:stage13|mux4to1:stage8 ; work         ;
;    |Alu:stage14|           ; 5 (0)             ; 0 (0)        ; 0           ; 0            ; 0       ; 0         ; 0    ; 0            ; |ergasia2|Alu:stage14                ; work         ;
;       |AXORB:stage7|       ; 1 (1)             ; 0 (0)        ; 0           ; 0            ; 0       ; 0         ; 0    ; 0            ; |ergasia2|Alu:stage14|AXORB:stage7   ; work         ;
;       |Fa:stage4|          ; 1 (1)             ; 0 (0)        ; 0           ; 0            ; 0       ; 0         ; 0    ; 0            ; |ergasia2|Alu:stage14|Fa:stage4      ; work         ;
;       |mux2to1:stage3|     ; 1 (1)             ; 0 (0)        ; 0           ; 0            ; 0       ; 0         ; 0    ; 0            ; |ergasia2|Alu:stage14|mux2to1:stage3 ; work         ;
;       |mux4to1:stage8|     ; 2 (2)             ; 0 (0)        ; 0           ; 0            ; 0       ; 0         ; 0    ; 0            ; |ergasia2|Alu:stage14|mux4to1:stage8 ; work         ;
;    |Alu:stage15|           ; 5 (0)             ; 0 (0)        ; 0           ; 0            ; 0       ; 0         ; 0    ; 0            ; |ergasia2|Alu:stage15                ; work         ;
;       |AXORB:stage7|       ; 1 (1)             ; 0 (0)        ; 0           ; 0            ; 0       ; 0         ; 0    ; 0            ; |ergasia2|Alu:stage15|AXORB:stage7   ; work         ;
;       |Fa:stage4|          ; 1 (1)             ; 0 (0)        ; 0           ; 0            ; 0       ; 0         ; 0    ; 0            ; |ergasia2|Alu:stage15|Fa:stage4      ; work         ;
;       |mux2to1:stage3|     ; 1 (1)             ; 0 (0)        ; 0           ; 0            ; 0       ; 0         ; 0    ; 0            ; |ergasia2|Alu:stage15|mux2to1:stage3 ; work         ;
;       |mux4to1:stage8|     ; 2 (2)             ; 0 (0)        ; 0           ; 0            ; 0       ; 0         ; 0    ; 0            ; |ergasia2|Alu:stage15|mux4to1:stage8 ; work         ;
;    |Alu:stage16|           ; 5 (0)             ; 0 (0)        ; 0           ; 0            ; 0       ; 0         ; 0    ; 0            ; |ergasia2|Alu:stage16                ; work         ;
;       |Fa:stage4|          ; 1 (1)             ; 0 (0)        ; 0           ; 0            ; 0       ; 0         ; 0    ; 0            ; |ergasia2|Alu:stage16|Fa:stage4      ; work         ;
;       |mux2to1:stage3|     ; 1 (1)             ; 0 (0)        ; 0           ; 0            ; 0       ; 0         ; 0    ; 0            ; |ergasia2|Alu:stage16|mux2to1:stage3 ; work         ;
;       |mux4to1:stage8|     ; 3 (3)             ; 0 (0)        ; 0           ; 0            ; 0       ; 0         ; 0    ; 0            ; |ergasia2|Alu:stage16|mux4to1:stage8 ; work         ;
;    |Alu:stage1|            ; 5 (0)             ; 0 (0)        ; 0           ; 0            ; 0       ; 0         ; 0    ; 0            ; |ergasia2|Alu:stage1                 ; work         ;
;       |Fa:stage4|          ; 2 (2)             ; 0 (0)        ; 0           ; 0            ; 0       ; 0         ; 0    ; 0            ; |ergasia2|Alu:stage1|Fa:stage4       ; work         ;
;       |mux4to1:stage8|     ; 3 (3)             ; 0 (0)        ; 0           ; 0            ; 0       ; 0         ; 0    ; 0            ; |ergasia2|Alu:stage1|mux4to1:stage8  ; work         ;
;    |Alu:stage2|            ; 5 (0)             ; 0 (0)        ; 0           ; 0            ; 0       ; 0         ; 0    ; 0            ; |ergasia2|Alu:stage2                 ; work         ;
;       |AXORB:stage7|       ; 1 (1)             ; 0 (0)        ; 0           ; 0            ; 0       ; 0         ; 0    ; 0            ; |ergasia2|Alu:stage2|AXORB:stage7    ; work         ;
;       |Fa:stage4|          ; 1 (1)             ; 0 (0)        ; 0           ; 0            ; 0       ; 0         ; 0    ; 0            ; |ergasia2|Alu:stage2|Fa:stage4       ; work         ;
;       |mux2to1:stage3|     ; 1 (1)             ; 0 (0)        ; 0           ; 0            ; 0       ; 0         ; 0    ; 0            ; |ergasia2|Alu:stage2|mux2to1:stage3  ; work         ;
;       |mux4to1:stage8|     ; 2 (2)             ; 0 (0)        ; 0           ; 0            ; 0       ; 0         ; 0    ; 0            ; |ergasia2|Alu:stage2|mux4to1:stage8  ; work         ;
;    |Alu:stage3|            ; 5 (0)             ; 0 (0)        ; 0           ; 0            ; 0       ; 0         ; 0    ; 0            ; |ergasia2|Alu:stage3                 ; work         ;
;       |AXORB:stage7|       ; 1 (1)             ; 0 (0)        ; 0           ; 0            ; 0       ; 0         ; 0    ; 0            ; |ergasia2|Alu:stage3|AXORB:stage7    ; work         ;
;       |Fa:stage4|          ; 1 (1)             ; 0 (0)        ; 0           ; 0            ; 0       ; 0         ; 0    ; 0            ; |ergasia2|Alu:stage3|Fa:stage4       ; work         ;
;       |mux2to1:stage3|     ; 1 (1)             ; 0 (0)        ; 0           ; 0            ; 0       ; 0         ; 0    ; 0            ; |ergasia2|Alu:stage3|mux2to1:stage3  ; work         ;
;       |mux4to1:stage8|     ; 2 (2)             ; 0 (0)        ; 0           ; 0            ; 0       ; 0         ; 0    ; 0            ; |ergasia2|Alu:stage3|mux4to1:stage8  ; work         ;
;    |Alu:stage4|            ; 5 (0)             ; 0 (0)        ; 0           ; 0            ; 0       ; 0         ; 0    ; 0            ; |ergasia2|Alu:stage4                 ; work         ;
;       |AXORB:stage7|       ; 1 (1)             ; 0 (0)        ; 0           ; 0            ; 0       ; 0         ; 0    ; 0            ; |ergasia2|Alu:stage4|AXORB:stage7    ; work         ;
;       |Fa:stage4|          ; 1 (1)             ; 0 (0)        ; 0           ; 0            ; 0       ; 0         ; 0    ; 0            ; |ergasia2|Alu:stage4|Fa:stage4       ; work         ;
;       |mux2to1:stage3|     ; 1 (1)             ; 0 (0)        ; 0           ; 0            ; 0       ; 0         ; 0    ; 0            ; |ergasia2|Alu:stage4|mux2to1:stage3  ; work         ;
;       |mux4to1:stage8|     ; 2 (2)             ; 0 (0)        ; 0           ; 0            ; 0       ; 0         ; 0    ; 0            ; |ergasia2|Alu:stage4|mux4to1:stage8  ; work         ;
;    |Alu:stage5|            ; 5 (0)             ; 0 (0)        ; 0           ; 0            ; 0       ; 0         ; 0    ; 0            ; |ergasia2|Alu:stage5                 ; work         ;
;       |AXORB:stage7|       ; 1 (1)             ; 0 (0)        ; 0           ; 0            ; 0       ; 0         ; 0    ; 0            ; |ergasia2|Alu:stage5|AXORB:stage7    ; work         ;
;       |Fa:stage4|          ; 1 (1)             ; 0 (0)        ; 0           ; 0            ; 0       ; 0         ; 0    ; 0            ; |ergasia2|Alu:stage5|Fa:stage4       ; work         ;
;       |mux2to1:stage3|     ; 1 (1)             ; 0 (0)        ; 0           ; 0            ; 0       ; 0         ; 0    ; 0            ; |ergasia2|Alu:stage5|mux2to1:stage3  ; work         ;
;       |mux4to1:stage8|     ; 2 (2)             ; 0 (0)        ; 0           ; 0            ; 0       ; 0         ; 0    ; 0            ; |ergasia2|Alu:stage5|mux4to1:stage8  ; work         ;
;    |Alu:stage6|            ; 5 (0)             ; 0 (0)        ; 0           ; 0            ; 0       ; 0         ; 0    ; 0            ; |ergasia2|Alu:stage6                 ; work         ;
;       |AXORB:stage7|       ; 1 (1)             ; 0 (0)        ; 0           ; 0            ; 0       ; 0         ; 0    ; 0            ; |ergasia2|Alu:stage6|AXORB:stage7    ; work         ;
;       |Fa:stage4|          ; 1 (1)             ; 0 (0)        ; 0           ; 0            ; 0       ; 0         ; 0    ; 0            ; |ergasia2|Alu:stage6|Fa:stage4       ; work         ;
;       |mux2to1:stage3|     ; 1 (1)             ; 0 (0)        ; 0           ; 0            ; 0       ; 0         ; 0    ; 0            ; |ergasia2|Alu:stage6|mux2to1:stage3  ; work         ;
;       |mux4to1:stage8|     ; 2 (2)             ; 0 (0)        ; 0           ; 0            ; 0       ; 0         ; 0    ; 0            ; |ergasia2|Alu:stage6|mux4to1:stage8  ; work         ;
;    |Alu:stage7|            ; 5 (0)             ; 0 (0)        ; 0           ; 0            ; 0       ; 0         ; 0    ; 0            ; |ergasia2|Alu:stage7                 ; work         ;
;       |AXORB:stage7|       ; 1 (1)             ; 0 (0)        ; 0           ; 0            ; 0       ; 0         ; 0    ; 0            ; |ergasia2|Alu:stage7|AXORB:stage7    ; work         ;
;       |Fa:stage4|          ; 1 (1)             ; 0 (0)        ; 0           ; 0            ; 0       ; 0         ; 0    ; 0            ; |ergasia2|Alu:stage7|Fa:stage4       ; work         ;
;       |mux2to1:stage3|     ; 1 (1)             ; 0 (0)        ; 0           ; 0            ; 0       ; 0         ; 0    ; 0            ; |ergasia2|Alu:stage7|mux2to1:stage3  ; work         ;
;       |mux4to1:stage8|     ; 2 (2)             ; 0 (0)        ; 0           ; 0            ; 0       ; 0         ; 0    ; 0            ; |ergasia2|Alu:stage7|mux4to1:stage8  ; work         ;
;    |Alu:stage8|            ; 5 (0)             ; 0 (0)        ; 0           ; 0            ; 0       ; 0         ; 0    ; 0            ; |ergasia2|Alu:stage8                 ; work         ;
;       |AXORB:stage7|       ; 1 (1)             ; 0 (0)        ; 0           ; 0            ; 0       ; 0         ; 0    ; 0            ; |ergasia2|Alu:stage8|AXORB:stage7    ; work         ;
;       |Fa:stage4|          ; 1 (1)             ; 0 (0)        ; 0           ; 0            ; 0       ; 0         ; 0    ; 0            ; |ergasia2|Alu:stage8|Fa:stage4       ; work         ;
;       |mux2to1:stage3|     ; 1 (1)             ; 0 (0)        ; 0           ; 0            ; 0       ; 0         ; 0    ; 0            ; |ergasia2|Alu:stage8|mux2to1:stage3  ; work         ;
;       |mux4to1:stage8|     ; 2 (2)             ; 0 (0)        ; 0           ; 0            ; 0       ; 0         ; 0    ; 0            ; |ergasia2|Alu:stage8|mux4to1:stage8  ; work         ;
;    |Alu:stage9|            ; 5 (0)             ; 0 (0)        ; 0           ; 0            ; 0       ; 0         ; 0    ; 0            ; |ergasia2|Alu:stage9                 ; work         ;
;       |AXORB:stage7|       ; 1 (1)             ; 0 (0)        ; 0           ; 0            ; 0       ; 0         ; 0    ; 0            ; |ergasia2|Alu:stage9|AXORB:stage7    ; work         ;
;       |Fa:stage4|          ; 1 (1)             ; 0 (0)        ; 0           ; 0            ; 0       ; 0         ; 0    ; 0            ; |ergasia2|Alu:stage9|Fa:stage4       ; work         ;
;       |mux2to1:stage3|     ; 1 (1)             ; 0 (0)        ; 0           ; 0            ; 0       ; 0         ; 0    ; 0            ; |ergasia2|Alu:stage9|mux2to1:stage3  ; work         ;
;       |mux4to1:stage8|     ; 2 (2)             ; 0 (0)        ; 0           ; 0            ; 0       ; 0         ; 0    ; 0            ; |ergasia2|Alu:stage9|mux4to1:stage8  ; work         ;
;    |ControlCircuit:stage0| ; 3 (3)             ; 0 (0)        ; 0           ; 0            ; 0       ; 0         ; 0    ; 0            ; |ergasia2|ControlCircuit:stage0      ; work         ;
+----------------------------+-------------------+--------------+-------------+--------------+---------+-----------+------+--------------+--------------------------------------+--------------+
Note: For table entries with two numbers listed, the numbers in parentheses indicate the number of resources of the given type used by the specific entity alone. The numbers listed outside of parentheses indicate the total resources of the given type used by the specific entity and all of its sub-entities in the hierarchy.


+------------------------------------------------------+
; General Register Statistics                          ;
+----------------------------------------------+-------+
; Statistic                                    ; Value ;
+----------------------------------------------+-------+
; Total registers                              ; 0     ;
; Number of registers using Synchronous Clear  ; 0     ;
; Number of registers using Synchronous Load   ; 0     ;
; Number of registers using Asynchronous Clear ; 0     ;
; Number of registers using Asynchronous Load  ; 0     ;
; Number of registers using Clock Enable       ; 0     ;
; Number of registers using Preset             ; 0     ;
+----------------------------------------------+-------+


+--------------------------------------------------------------------------------------------------------------------------------------------------------+
; Multiplexer Restructuring Statistics (Restructuring Performed)                                                                                         ;
+--------------------+-----------+---------------+----------------------+------------------------+------------+------------------------------------------+
; Multiplexer Inputs ; Bus Width ; Baseline Area ; Area if Restructured ; Saving if Restructured ; Registered ; Example Multiplexer Output               ;
+--------------------+-----------+---------------+----------------------+------------------------+------------+------------------------------------------+
; 4:1                ; 16 bits   ; 32 LEs        ; 32 LEs               ; 0 LEs                  ; No         ; |ergasia2|Alu:stage1|mux4to1:stage8|Mux0 ;
+--------------------+-----------+---------------+----------------------+------------------------+------------+------------------------------------------+


+-------------------------------+
; Elapsed Time Per Partition    ;
+----------------+--------------+
; Partition Name ; Elapsed Time ;
+----------------+--------------+
; Top            ; 00:00:00     ;
+----------------+--------------+


+-------------------------------+
; Analysis & Synthesis Messages ;
+-------------------------------+
Info: *******************************************************************
Info: Running Quartus II 64-Bit Analysis & Synthesis
    Info: Version 13.0.1 Build 232 06/12/2013 Service Pack 1 SJ Web Edition
    Info: Processing started: Wed May 09 23:57:39 2018
Info: Command: quartus_map --read_settings_files=on --write_settings_files=off ergasia2 -c ergasia2
Warning (20028): Parallel compilation is not licensed and has been disabled
Info (12021): Found 2 design units, including 1 entities, in source file controlcircuit.vhd
    Info (12022): Found design unit 1: ControlCircuit-ArchControlCircuit
    Info (12023): Found entity 1: ControlCircuit
Warning (12125): Using design file ergasia2.vhd, which is not specified as a design file for the current project, but contains definitions for 2 design units and 1 entities in project
    Info (12022): Found design unit 1: ergasia2-ArchERG2
    Info (12023): Found entity 1: ergasia2
Info (12127): Elaborating entity "ergasia2" for the top level hierarchy
Info (12128): Elaborating entity "ControlCircuit" for hierarchy "ControlCircuit:stage0"
Warning (12125): Using design file alu.vhd, which is not specified as a design file for the current project, but contains definitions for 3 design units and 1 entities in project
    Info (12022): Found design unit 1: Alu-ArchAlu
    Info (12022): Found design unit 2: mux4to1_package
    Info (12023): Found entity 1: Alu
Info (12128): Elaborating entity "Alu" for hierarchy "Alu:stage1"
Warning (12125): Using design file not1.vhd, which is not specified as a design file for the current project, but contains definitions for 2 design units and 1 entities in project
    Info (12022): Found design unit 1: NOT1-ArchNOT1
    Info (12023): Found entity 1: NOT1
Info (12128): Elaborating entity "NOT1" for hierarchy "Alu:stage1|NOT1:stage0"
Warning (12125): Using design file mux2to1.vhd, which is not specified as a design file for the current project, but contains definitions for 2 design units and 1 entities in project
    Info (12022): Found design unit 1: mux2to1-Archmux2to1
    Info (12023): Found entity 1: mux2to1
Info (12128): Elaborating entity "mux2to1" for hierarchy "Alu:stage1|mux2to1:stage2"
Warning (12125): Using design file fa.vhd, which is not specified as a design file for the current project, but contains definitions for 2 design units and 1 entities in project
    Info (12022): Found design unit 1: Fa-ArchFa
    Info (12023): Found entity 1: Fa
Info (12128): Elaborating entity "Fa" for hierarchy "Alu:stage1|Fa:stage4"
Warning (12125): Using design file aandb.vhd, which is not specified as a design file for the current project, but contains definitions for 2 design units and 1 entities in project
    Info (12022): Found design unit 1: AANDB-ARCH_AANDB
    Info (12023): Found entity 1: AANDB
Info (12128): Elaborating entity "AANDB" for hierarchy "Alu:stage1|AANDB:stage5"
Warning (12125): Using design file aorb.vhd, which is not specified as a design file for the current project, but contains definitions for 2 design units and 1 entities in project
    Info (12022): Found design unit 1: AORB-ARCH_AORB
    Info (12023): Found entity 1: AORB
Info (12128): Elaborating entity "AORB" for hierarchy "Alu:stage1|AORB:stage6"
Warning (12125): Using design file axorb.vhd, which is not specified as a design file for the current project, but contains definitions for 2 design units and 1 entities in project
    Info (12022): Found design unit 1: AXORB-ArchAXORB
    Info (12023): Found entity 1: AXORB
Info (12128): Elaborating entity "AXORB" for hierarchy "Alu:stage1|AXORB:stage7"
Warning (12125): Using design file mux4to1.vhd, which is not specified as a design file for the current project, but contains definitions for 2 design units and 1 entities in project
    Info (12022): Found design unit 1: mux4to1-Archmux4to1
    Info (12023): Found entity 1: mux4to1
Info (12128): Elaborating entity "mux4to1" for hierarchy "Alu:stage1|mux4to1:stage8"
Info (16010): Generating hard_block partition "hard_block:auto_generated_inst"
    Info (16011): Adding 0 node(s), including 0 DDIO, 0 PLL, 0 transceiver and 0 LCELL
Info (21057): Implemented 135 device resources after synthesis - the final resource count might be different
    Info (21058): Implemented 35 input pins
    Info (21059): Implemented 17 output pins
    Info (21061): Implemented 83 logic cells
Info: Quartus II 64-Bit Analysis & Synthesis was successful. 0 errors, 10 warnings
    Info: Peak virtual memory: 546 megabytes
    Info: Processing ended: Wed May 09 23:57:41 2018
    Info: Elapsed time: 00:00:02
    Info: Total CPU time (on all processors): 00:00:02


